# JRE version: Java(TM) SE Runtime Environment (19.0.2+7) (build 19.0.2+7-44)
# Java VM: Java HotSpot(TM) 64-Bit Server VM (19.0.2+7-44, mixed mode, sharing, tiered, compressed oops, compressed class ptrs, g1 gc, windows-amd64)
GC Precious Log:
 CardTable entry size: 512
 Card Set container configuration: InlinePtr #cards 4 size 8 Array Of Cards #cards 16 size 48 Howl #buckets 8 coarsen threshold 3686 Howl Bitmap #cards 512 size 80 coarsen threshold 460 Card regions per heap region 1 cards per card region 4096
 CPUs: 16 total, 16 available
 Memory: 15753M
 Large Page Support: Disabled
 NUMA Support: Disabled
 Compressed Oops: Enabled (Zero based)
 Heap Region Size: 2M
 Heap Min Capacity: 8M
 Heap Initial Capacity: 248M
 Heap Max Capacity: 3940M
 Pre-touch: Disabled
 Parallel Workers: 13
 Concurrent Workers: 3
 Concurrent Refinement Workers: 13
 Periodic GC: Disabled
Heap:
 garbage-first heap   total 172032K, used 104472K [0x0000000709c00000, 0x0000000800000000)
  region size 2048K, 29 young (59392K), 2 survivors (4096K)
 Metaspace       used 36587K, committed 37120K, reserved 1114112K
  class space    used 3995K, committed 4224K, reserved 1048576K
GC Heap History (20 events):
Event: 0.982 GC heap before
{Heap before GC invocations=0 (full 0):
 garbage-first heap   total 253952K, used 22528K [0x0000000709c00000, 0x0000000800000000)
  region size 2048K, 11 young (22528K), 0 survivors (0K)
 Metaspace       used 5591K, committed 5824K, reserved 1114112K
  class space    used 635K, committed 768K, reserved 1048576K
}
Event: 0.987 GC heap after
{Heap after GC invocations=1 (full 0):
 garbage-first heap   total 253952K, used 3727K [0x0000000709c00000, 0x0000000800000000)
  region size 2048K, 2 young (4096K), 2 survivors (4096K)
 Metaspace       used 5591K, committed 5824K, reserved 1114112K
  class space    used 635K, committed 768K, reserved 1048576K
}
Event: 2.116 GC heap before
{Heap before GC invocations=1 (full 0):
 garbage-first heap   total 253952K, used 34447K [0x0000000709c00000, 0x0000000800000000)
  region size 2048K, 18 young (36864K), 2 survivors (4096K)
 Metaspace       used 9682K, committed 9856K, reserved 1114112K
  class space    used 1121K, committed 1216K, reserved 1048576K
}
Event: 2.123 GC heap after
{Heap after GC invocations=2 (full 0):
 garbage-first heap   total 253952K, used 5216K [0x0000000709c00000, 0x0000000800000000)
  region size 2048K, 1 young (2048K), 1 survivors (2048K)
 Metaspace       used 9682K, committed 9856K, reserved 1114112K
  class space    used 1121K, committed 1216K, reserved 1048576K
}
Event: 6.783 GC heap before
{Heap before GC invocations=2 (full 0):
 garbage-first heap   total 253952K, used 156768K [0x0000000709c00000, 0x0000000800000000)
  region size 2048K, 74 young (151552K), 1 survivors (2048K)
 Metaspace       used 21229K, committed 21504K, reserved 1114112K
  class space    used 2346K, committed 2496K, reserved 1048576K
}
Event: 6.803 GC heap after
{Heap after GC invocations=3 (full 0):
 garbage-first heap   total 253952K, used 22534K [0x0000000709c00000, 0x0000000800000000)
  region size 2048K, 8 young (16384K), 8 survivors (16384K)
 Metaspace       used 21229K, committed 21504K, reserved 1114112K
  class space    used 2346K, committed 2496K, reserved 1048576K
}
Event: 8.088 GC heap before
{Heap before GC invocations=4 (full 0):
 garbage-first heap   total 90112K, used 59398K [0x0000000709c00000, 0x0000000800000000)
  region size 2048K, 26 young (53248K), 8 survivors (16384K)
 Metaspace       used 26819K, committed 27200K, reserved 1114112K
  class space    used 2966K, committed 3136K, reserved 1048576K
}
Event: 8.125 GC heap after
{Heap after GC invocations=5 (full 0):
 garbage-first heap   total 90112K, used 30402K [0x0000000709c00000, 0x0000000800000000)
  region size 2048K, 4 young (8192K), 4 survivors (8192K)
 Metaspace       used 26819K, committed 27200K, reserved 1114112K
  class space    used 2966K, committed 3136K, reserved 1048576K
}
Event: 8.197 GC heap before
{Heap before GC invocations=5 (full 0):
 garbage-first heap   total 90112K, used 32450K [0x0000000709c00000, 0x0000000800000000)
  region size 2048K, 5 young (10240K), 4 survivors (8192K)
 Metaspace       used 26928K, committed 27328K, reserved 1114112K
  class space    used 2966K, committed 3136K, reserved 1048576K
}
Event: 8.219 GC heap after
{Heap after GC invocations=6 (full 0):
 garbage-first heap   total 90112K, used 33455K [0x0000000709c00000, 0x0000000800000000)
  region size 2048K, 1 young (2048K), 1 survivors (2048K)
 Metaspace       used 26928K, committed 27328K, reserved 1114112K
  class space    used 2966K, committed 3136K, reserved 1048576K
}
Event: 9.479 GC heap before
{Heap before GC invocations=6 (full 0):
 garbage-first heap   total 90112K, used 60079K [0x0000000709c00000, 0x0000000800000000)
  region size 2048K, 15 young (30720K), 1 survivors (2048K)
 Metaspace       used 28735K, committed 29056K, reserved 1114112K
  class space    used 3167K, committed 3328K, reserved 1048576K
}
Event: 9.485 GC heap after
{Heap after GC invocations=7 (full 0):
 garbage-first heap   total 90112K, used 33414K [0x0000000709c00000, 0x0000000800000000)
  region size 2048K, 1 young (2048K), 1 survivors (2048K)
 Metaspace       used 28735K, committed 29056K, reserved 1114112K
  class space    used 3167K, committed 3328K, reserved 1048576K
}
Event: 10.313 GC heap before
{Heap before GC invocations=7 (full 0):
 garbage-first heap   total 90112K, used 62086K [0x0000000709c00000, 0x0000000800000000)
  region size 2048K, 15 young (30720K), 1 survivors (2048K)
 Metaspace       used 29847K, committed 30336K, reserved 1114112K
  class space    used 3283K, committed 3520K, reserved 1048576K
}
Event: 10.324 GC heap after
{Heap after GC invocations=8 (full 0):
 garbage-first heap   total 90112K, used 34457K [0x0000000709c00000, 0x0000000800000000)
  region size 2048K, 2 young (4096K), 2 survivors (4096K)
 Metaspace       used 29847K, committed 30336K, reserved 1114112K
  class space    used 3283K, committed 3520K, reserved 1048576K
}
Event: 12.468 GC heap before
{Heap before GC invocations=8 (full 0):
 garbage-first heap   total 90112K, used 63129K [0x0000000709c00000, 0x0000000800000000)
  region size 2048K, 17 young (34816K), 2 survivors (4096K)
 Metaspace       used 31863K, committed 32384K, reserved 1114112K
  class space    used 3512K, committed 3776K, reserved 1048576K
}
Event: 12.482 GC heap after
{Heap after GC invocations=9 (full 0):
 garbage-first heap   total 90112K, used 35803K [0x0000000709c00000, 0x0000000800000000)
  region size 2048K, 2 young (4096K), 2 survivors (4096K)
 Metaspace       used 31863K, committed 32384K, reserved 1114112K
  class space    used 3512K, committed 3776K, reserved 1048576K
}
Event: 12.987 GC heap before
{Heap before GC invocations=9 (full 0):
 garbage-first heap   total 90112K, used 68571K [0x0000000709c00000, 0x0000000800000000)
  region size 2048K, 17 young (34816K), 2 survivors (4096K)
 Metaspace       used 31916K, committed 32512K, reserved 1114112K
  class space    used 3512K, committed 3776K, reserved 1048576K
}
Event: 13.011 GC heap after
{Heap after GC invocations=10 (full 0):
 garbage-first heap   total 90112K, used 50016K [0x0000000709c00000, 0x0000000800000000)
  region size 2048K, 3 young (6144K), 3 survivors (6144K)
 Metaspace       used 31916K, committed 32512K, reserved 1114112K
  class space    used 3512K, committed 3776K, reserved 1048576K
}
Event: 13.568 GC heap before
{Heap before GC invocations=10 (full 0):
 garbage-first heap   total 90112K, used 66400K [0x0000000709c00000, 0x0000000800000000)
  region size 2048K, 11 young (22528K), 3 survivors (6144K)
 Metaspace       used 32420K, committed 33024K, reserved 1114112K
  class space    used 3564K, committed 3840K, reserved 1048576K
}
Event: 13.587 GC heap after
{Heap after GC invocations=11 (full 0):
 garbage-first heap   total 172032K, used 53272K [0x0000000709c00000, 0x0000000800000000)
  region size 2048K, 2 young (4096K), 2 survivors (4096K)
 Metaspace       used 32420K, committed 33024K, reserved 1114112K
  class space    used 3564K, committed 3840K, reserved 1048576K
}

